<?xml version="1.0" encoding="UTF-8"?>
<testsuite xmlns:xsi="http://www.w3.org/2001/XMLSchema-instance" xsi:noNamespaceSchemaLocation="https://maven.apache.org/surefire/maven-surefire-plugin/xsd/surefire-test-report-3.0.xsd" version="3.0" name="pe.edu.upc.tripbundle.TripBundleApplicationTests" time="14.428" tests="1" errors="0" skipped="0" failures="0">
  <properties>
[...]
</properties>
  <testcase name="contextLoads" classname="pe.edu.upc.tripbundle.TripBundleApplicationTests" time="0.321">
    <system-out><![CDATA[17:41:52.643 [main] INFO org.springframework.test.context.support.AnnotationConfigContextLoaderUtils -- Could not detect default configuration classes for test class [pe.edu.upc.tripbundle.TripBundleApplicationTests]: TripBundleApplicationTests does not declare any static, non-private, non-final, nested classes annotated with @Configuration.
17:41:52.729 [main] INFO org.springframework.boot.test.context.SpringBootTestContextBootstrapper -- Found @SpringBootConfiguration pe.edu.upc.tripbundle.TripBundleApplication for test class pe.edu.upc.tripbundle.TripBundleApplicationTests
17:41:52.864 [main] INFO org.springframework.boot.devtools.restart.RestartApplicationListener -- Restart disabled due to context in which it is running

  .   ____          _            __ _ _
 /\\ / ___'_ __ _ _(_)_ __  __ _ \ \ \ \
( ( )\___ | '_ | '_| | '_ \/ _` | \ \ \ \
 \\/  ___)| |_)| | | | | || (_| |  ) ) ) )
  '  |____| .__|_| |_|_| |_\__, | / / / /
 =========|_|==============|___/=/_/_/_/

 :: Spring Boot ::                (v3.3.3)

2024-09-22T17:41:53.063-05:00  INFO 25200 --- [TripBundle] [           main] p.e.u.t.TripBundleApplicationTests       : Starting TripBundleApplicationTests using Java 21.0.4 with PID 25200 (started by marcos in C:\Users\marcos\Downloads\TripBundleSecurityV2\TripBundle)
2024-09-22T17:41:53.063-05:00  INFO 25200 --- [TripBundle] [           main] p.e.u.t.TripBundleApplicationTests       : No active profile set, falling back to 1 default profile: "default"
2024-09-22T17:41:53.813-05:00  INFO 25200 --- [TripBundle] [           main] .s.d.r.c.RepositoryConfigurationDelegate : Bootstrapping Spring Data JPA repositories in DEFAULT mode.
2024-09-22T17:41:53.874-05:00  INFO 25200 --- [TripBundle] [           main] .s.d.r.c.RepositoryConfigurationDelegate : Finished Spring Data repository scanning in 48 ms. Found 8 JPA repository interfaces.
2024-09-22T17:41:54.434-05:00  INFO 25200 --- [TripBundle] [           main] o.hibernate.jpa.internal.util.LogHelper  : HHH000204: Processing PersistenceUnitInfo [name: default]
2024-09-22T17:41:54.504-05:00  INFO 25200 --- [TripBundle] [           main] org.hibernate.Version                    : HHH000412: Hibernate ORM core version 6.5.2.Final
2024-09-22T17:41:54.539-05:00  INFO 25200 --- [TripBundle] [           main] o.h.c.internal.RegionFactoryInitiator    : HHH000026: Second-level cache disabled
2024-09-22T17:41:54.954-05:00  INFO 25200 --- [TripBundle] [           main] o.s.o.j.p.SpringPersistenceUnitInfo      : No LoadTimeWeaver setup: ignoring JPA class transformer
2024-09-22T17:41:54.994-05:00  INFO 25200 --- [TripBundle] [           main] com.zaxxer.hikari.HikariDataSource       : HikariPool-1 - Starting...
2024-09-22T17:41:57.144-05:00  INFO 25200 --- [TripBundle] [           main] com.zaxxer.hikari.pool.HikariPool        : HikariPool-1 - Added connection org.postgresql.jdbc.PgConnection@6e49b011
2024-09-22T17:41:57.144-05:00  INFO 25200 --- [TripBundle] [           main] com.zaxxer.hikari.HikariDataSource       : HikariPool-1 - Start completed.
2024-09-22T17:41:57.378-05:00  WARN 25200 --- [TripBundle] [           main] org.hibernate.orm.deprecation            : HHH90000025: PostgreSQLDialect does not need to be specified explicitly using 'hibernate.dialect' (remove the property setting and it will be selected by default)
2024-09-22T17:41:58.544-05:00  INFO 25200 --- [TripBundle] [           main] o.h.e.t.j.p.i.JtaPlatformInitiator       : HHH000489: No JTA platform available (set 'hibernate.transaction.jta.platform' to enable JTA platform integration)
Hibernate: create table activity (id_activity integer generated by default as identity, cost_activity float(53) not null, description_activity varchar(70) not null, name_activity varchar(70) not null, primary key (id_activity))
Hibernate: create table city (id_city integer generated by default as identity, department_city varchar(40) not null, latitude_city float4 not null, length_city float4 not null, name_city varchar(70) not null, province_city varchar(40) not null, primary key (id_city))
Hibernate: create table fauna (id_fauna integer generated by default as identity, family_fauna varchar(70) not null, latitude_city float4 not null, length_fauna float4 not null, name_fauna varchar(70) not null, state_fauna varchar(70) not null, primary key (id_fauna))
Hibernate: create table fauna_city (id_fauna_city integer generated by default as identity, id_city integer, id_fauna integer, primary key (id_fauna_city))
Hibernate: create table fauna_season (id_fauna_season integer generated by default as identity, id_fauna integer, id_season integer, primary key (id_fauna_season))
Hibernate: create table flora (id_flora integer generated by default as identity, famimly_flora varchar(70) not null, latitude_flora float(53) not null, length_fauna float(53) not null, name_flora varchar(70) not null, spicie_flora varchar(70) not null, state_flora varchar(70) not null, primary key (id_flora))
Hibernate: create table flora_city (id_flora_city integer generated by default as identity, id_city integer, id_flora integer, primary key (id_flora_city))
Hibernate: create table flora_season (id_flora_season integer generated by default as identity, id_flora integer, id_season integer, primary key (id_flora_season))
Hibernate: create table reserve (id_reserve integer generated by default as identity, date_reserve date not null, description_reserve varchar(70) not null, hour_reserve time(6) not null, id_activity integer, id_city integer, primary key (id_reserve))
Hibernate: create table roles (id bigint generated by default as identity, rol varchar(255), id_users integer not null, primary key (id))
Hibernate: create table season (id_season integer generated by default as identity, end_date_season date not null, name_season varchar(70) not null, start_date_season date not null, primary key (id_season))
Hibernate: create table users (id_users integer generated by default as identity, address_users varchar(50) not null, birthdate_users timestamp(6) not null, dni_users varchar(50) not null, email_users varchar(50) not null, enabled boolean, lastname_users varchar(50) not null, name_users varchar(50) not null, password_users varchar(200) not null, phone_users varchar(50) not null, username varchar(50) not null, primary key (id_users))
Hibernate: create table users_activity (id_users_activity integer generated by default as identity, id_activity integer, id_users integer, primary key (id_users_activity))
Hibernate: alter table if exists roles drop constraint if exists UK7hsvbmso4xk56d60v8j4tsnex
2024-09-22T17:42:02.294-05:00  WARN 25200 --- [TripBundle] [           main] o.h.engine.jdbc.spi.SqlExceptionHelper   : SQL Warning Code: 0, SQLState: 00000
2024-09-22T17:42:02.294-05:00  WARN 25200 --- [TripBundle] [           main] o.h.engine.jdbc.spi.SqlExceptionHelper   : constraint "uk7hsvbmso4xk56d60v8j4tsnex" of relation "roles" does not exist, skipping
Hibernate: alter table if exists roles add constraint UK7hsvbmso4xk56d60v8j4tsnex unique (user_id, rol)
Hibernate: alter table if exists fauna_city add constraint FK75vq1eah38l2st9oicaoeq6cb foreign key (id_city) references city
Hibernate: alter table if exists fauna_city add constraint FKk95xok6xr9hq6bn7chxggeyhx foreign key (id_fauna) references fauna
Hibernate: alter table if exists fauna_season add constraint FK2ptyqjjqfe3utp14enaycyfsb foreign key (id_fauna) references fauna
Hibernate: alter table if exists fauna_season add constraint FKjl18ivkmf8gtgvj7exyjqa5ks foreign key (id_season) references season
Hibernate: alter table if exists flora_city add constraint FKmq3bnavqdwxyyi9m365k2kxol foreign key (id_city) references city
Hibernate: alter table if exists flora_city add constraint FKblu2s81h0qjelshgak20oda2t foreign key (id_flora) references flora
Hibernate: alter table if exists flora_season add constraint FKi0vr29yapwkofce1aj4t0bq2c foreign key (id_flora) references flora
Hibernate: alter table if exists flora_season add constraint FKrd1q1cxce2nyhc0fk89xtamwe foreign key (id_season) references season
Hibernate: alter table if exists reserve add constraint FK63fib662ng49h71rf3ogxd0i2 foreign key (id_activity) references activity
Hibernate: alter table if exists reserve add constraint FK9ygynjrrd46aqsnjmiy0iwjjo foreign key (id_city) references city
Hibernate: alter table if exists roles add constraint FKjowugqkjl78fm3b97rkwd21po foreign key (id_users) references users
Hibernate: alter table if exists users_activity add constraint FKluynddxul0dv4byw3htogh8jh foreign key (id_activity) references activity
Hibernate: alter table if exists users_activity add constraint FKooiegb4f0i57gogwlla532g89 foreign key (id_users) references users
2024-09-22T17:42:05.040-05:00  INFO 25200 --- [TripBundle] [           main] j.LocalContainerEntityManagerFactoryBean : Initialized JPA EntityManagerFactory for persistence unit 'default'
2024-09-22T17:42:05.254-05:00  INFO 25200 --- [TripBundle] [           main] o.s.d.j.r.query.QueryEnhancerFactory     : Hibernate is in classpath; If applicable, HQL parser will be used.
2024-09-22T17:42:05.924-05:00  WARN 25200 --- [TripBundle] [           main] JpaBaseConfiguration$JpaWebConfiguration : spring.jpa.open-in-view is enabled by default. Therefore, database queries may be performed during view rendering. Explicitly configure spring.jpa.open-in-view to disable this warning
2024-09-22T17:42:06.074-05:00  WARN 25200 --- [TripBundle] [           main] r$InitializeUserDetailsManagerConfigurer : Global AuthenticationManager configured with an AuthenticationProvider bean. UserDetailsService beans will not be used for username/password login. Consider removing the AuthenticationProvider bean. Alternatively, consider using the UserDetailsService in a manually instantiated DaoAuthenticationProvider.
2024-09-22T17:42:06.605-05:00  INFO 25200 --- [TripBundle] [           main] p.e.u.t.TripBundleApplicationTests       : Started TripBundleApplicationTests in 13.756 seconds (process running for 14.458)
]]></system-out>
    <system-err><![CDATA[WARNING: A Java agent has been loaded dynamically (C:\Users\marcos\.m2\repository\net\bytebuddy\byte-buddy-agent\1.14.19\byte-buddy-agent-1.14.19.jar)
WARNING: If a serviceability tool is in use, please run with -XX:+EnableDynamicAgentLoading to hide this warning
WARNING: If a serviceability tool is not in use, please run with -Djdk.instrument.traceUsage for more information
WARNING: Dynamic loading of agents will be disallowed by default in a future release
]]></system-err>
  </testcase>
</testsuite>